#
# There is insufficient memory for the Java Runtime Environment to continue.
# Native memory allocation (malloc) failed to allocate 1048576 bytes for AllocateHeap
# Possible reasons:
#   The system is out of physical RAM or swap space
#   The process is running with CompressedOops enabled, and the Java Heap may be blocking the growth of the native heap
# Possible solutions:
#   Reduce memory load on the system
#   Increase physical memory or swap space
#   Check if swap backing store is full
#   Decrease Java heap size (-Xmx/-Xms)
#   Decrease number of Java threads
#   Decrease Java thread stack sizes (-Xss)
#   Set larger code cache with -XX:ReservedCodeCacheSize=
#   JVM is running with Zero Based Compressed Oops mode in which the Java heap is
#     placed in the first 32GB address space. The Java Heap base address is the
#     maximum limit for the native heap growth. Please use -XX:HeapBaseMinAddress
#     to set the Java Heap base and to place the Java Heap above 32GB virtual address.
# This output file may be truncated or incomplete.
#
#  Out of Memory Error (memory/allocation.inline.hpp:61), pid=22348, tid=0x00000000000062f4
#
# JRE version:  (8.0_242-b01) (build )
# Java VM: OpenJDK 64-Bit Server VM (25.242-b01 mixed mode windows-amd64 compressed oops)
# Failed to write core dump. Minidumps are not enabled by default on client versions of Windows
#

---------------  T H R E A D  ---------------

Current thread (0x0000000002aa9000):  JavaThread "Unknown thread" [_thread_in_vm, id=25332, stack(0x00000000029a0000,0x0000000002aa0000)]

Stack: [0x00000000029a0000,0x0000000002aa0000]
[error occurred during error reporting (printing stack bounds), id 0xc0000005]

Native frames: (J=compiled Java code, j=interpreted, Vv=VM code, C=native code)


---------------  P R O C E S S  ---------------

Java Threads: ( => current thread )

Other Threads:

=>0x0000000002aa9000 (exited) JavaThread "Unknown thread" [_thread_in_vm, id=25332, stack(0x00000000029a0000,0x0000000002aa0000)]

VM state:not at safepoint (normal execution)

VM Mutex/Monitor currently owned by a thread: None

heap address: 0x00000006c1600000, size: 4074 MB, Compressed Oops mode: Zero based, Oop shift amount: 3
Narrow klass base: 0x0000000000000000, Narrow klass shift: 3
Compressed class space size: 1073741824 Address: 0x00000007c0000000

Heap:
 PSYoungGen      total 76288K, used 1310K [0x000000076b200000, 0x0000000770700000, 0x00000007c0000000)
  eden space 65536K, 2% used [0x000000076b200000,0x000000076b347af0,0x000000076f200000)
  from space 10752K, 0% used [0x000000076fc80000,0x000000076fc80000,0x0000000770700000)
  to   space 10752K, 0% used [0x000000076f200000,0x000000076f200000,0x000000076fc80000)
 ParOldGen       total 175104K, used 0K [0x00000006c1600000, 0x00000006cc100000, 0x000000076b200000)
  object space 175104K, 0% used [0x00000006c1600000,0x00000006c1600000,0x00000006cc100000)
 Metaspace       used 779K, capacity 4480K, committed 4480K, reserved 1056768K
  class space    used 74K, capacity 384K, committed 384K, reserved 1048576K

Card table byte_map: [0x0000000011f60000,0x0000000012760000] byte_map_base: 0x000000000e955000

Marking Bits: (ParMarkBitMap*) 0x0000000065daf030
 Begin Bits: [0x00000000134b0000, 0x0000000017458000)
 End Bits:   [0x0000000017458000, 0x000000001b400000)

Polling page: 0x0000000000bd0000

CodeCache: size=245760Kb used=328Kb max_used=328Kb free=245431Kb
 bounds [0x0000000002ba0000, 0x0000000002e10000, 0x0000000011ba0000]
 total_blobs=57 nmethods=0 adapters=38
 compilation: enabled

Compilation events (0 events):
No events

GC Heap History (0 events):
No events

Deoptimization events (0 events):
No events

Classes redefined (0 events):
No events

Internal exceptions (0 events):
No events

Events (10 events):
Event: 0.018 loading class java/lang/Short
Event: 0.018 loading class java/lang/Short done
Event: 0.018 loading class java/lang/Integer
Event: 0.018 loading class java/lang/Integer done
Event: 0.018 loading class java/lang/Long
Event: 0.018 loading class java/lang/Long done
Event: 0.018 loading class java/lang/NullPointerException
Event: 0.018 loading class java/lang/NullPointerException done
Event: 0.018 loading class java/lang/ArithmeticException
Event: 0.018 loading class java/lang/ArithmeticException done


Dynamic libraries:
0x00007ff6d17b0000 - 0x00007ff6d17e1000 	C:\Program Files\android-studio-ide-193.6264773-windows\android-studio\jre\jre\bin\java.exe
0x00007fffe09e0000 - 0x00007fffe0bd0000 	C:\Windows\SYSTEM32\ntdll.dll
0x00007fffdf770000 - 0x00007fffdf822000 	C:\Windows\System32\KERNEL32.DLL
0x00007fffddf80000 - 0x00007fffde223000 	C:\Windows\System32\KERNELBASE.dll
0x00007fffdf6a0000 - 0x00007fffdf743000 	C:\Windows\System32\ADVAPI32.dll
0x00007fffe07e0000 - 0x00007fffe087e000 	C:\Windows\System32\msvcrt.dll
0x00007fffdfd40000 - 0x00007fffdfdd7000 	C:\Windows\System32\sechost.dll
0x00007fffdf990000 - 0x00007fffdfab0000 	C:\Windows\System32\RPCRT4.dll
0x00007fffdfab0000 - 0x00007fffdfc44000 	C:\Windows\System32\USER32.dll
0x00007fffdda10000 - 0x00007fffdda31000 	C:\Windows\System32\win32u.dll
0x00007fffe0970000 - 0x00007fffe0996000 	C:\Windows\System32\GDI32.dll
0x00007fffddb20000 - 0x00007fffddcb4000 	C:\Windows\System32\gdi32full.dll
0x00007fffdd970000 - 0x00007fffdda0e000 	C:\Windows\System32\msvcp_win.dll
0x00007fffddcc0000 - 0x00007fffdddba000 	C:\Windows\System32\ucrtbase.dll
0x00007fffd02f0000 - 0x00007fffd0575000 	C:\Windows\WinSxS\amd64_microsoft.windows.common-controls_6595b64144ccf1df_6.0.18362.592_none_e6c0b1911312be02\COMCTL32.dll
0x00007fffdfeb0000 - 0x00007fffe01e6000 	C:\Windows\System32\combase.dll
0x00007fffde290000 - 0x00007fffde310000 	C:\Windows\System32\bcryptPrimitives.dll
0x00007fffdf5f0000 - 0x00007fffdf61e000 	C:\Windows\System32\IMM32.DLL
0x0000000065420000 - 0x00000000654f2000 	C:\Program Files\android-studio-ide-193.6264773-windows\android-studio\jre\jre\bin\msvcr100.dll
0x00000000655e0000 - 0x0000000065e2b000 	C:\Program Files\android-studio-ide-193.6264773-windows\android-studio\jre\jre\bin\server\jvm.dll
0x00007fffe08e0000 - 0x00007fffe08e8000 	C:\Windows\System32\PSAPI.DLL
0x00007fffc8260000 - 0x00007fffc8269000 	C:\Windows\SYSTEM32\WSOCK32.dll
0x00007fffe01f0000 - 0x00007fffe025f000 	C:\Windows\System32\WS2_32.dll
0x00007fffd9110000 - 0x00007fffd9134000 	C:\Windows\SYSTEM32\WINMM.dll
0x00007fffd9080000 - 0x00007fffd908a000 	C:\Windows\SYSTEM32\VERSION.dll
0x00007fffd90e0000 - 0x00007fffd910d000 	C:\Windows\SYSTEM32\winmmbase.dll
0x00007fffddde0000 - 0x00007fffdde2a000 	C:\Windows\System32\cfgmgr32.dll
0x00007fffcc330000 - 0x00007fffcc33f000 	C:\Program Files\android-studio-ide-193.6264773-windows\android-studio\jre\jre\bin\verify.dll
0x00007fffbd580000 - 0x00007fffbd5a9000 	C:\Program Files\android-studio-ide-193.6264773-windows\android-studio\jre\jre\bin\java.dll
0x00007fffcc310000 - 0x00007fffcc326000 	C:\Program Files\android-studio-ide-193.6264773-windows\android-studio\jre\jre\bin\zip.dll

VM Arguments:
java_command: org.jetbrains.kotlin.cli.jvm.K2JVMCompiler -Xallow-no-source-files -classpath C:\Users\1st\StudioProjects\DiaryOfServant\app\build\intermediates\compile_and_runtime_not_namespaced_r_class_jar\debug\R.jar;C:\Users\1st\.gradle\caches\transforms-2\files-2.1\7ae13b5082795c73e4011ad7fc9f361d\jetified-kotlin-android-extensions-runtime-1.3.61.jar;C:\Users\1st\.gradle\caches\transforms-2\files-2.1\6e00299960ad667a7489cd454b83b8a4\jetified-kotlin-stdlib-jdk7-1.3.61.jar;C:\Users\1st\.gradle\caches\transforms-2\files-2.1\87f2ef909032caa7403b538cdd1afafb\jetified-activity-ktx-1.1.0-api.jar;C:\Users\1st\.gradle\caches\transforms-2\files-2.1\876bb81d47b6dab990c6648c32b66a1b\jetified-core-ktx-1.2.0-api.jar;C:\Users\1st\.gradle\caches\transforms-2\files-2.1\26030a8dc38360512b6446421251450d\jetified-lifecycle-runtime-ktx-2.2.0-api.jar;C:\Users\1st\.gradle\caches\transforms-2\files-2.1\522ca002a69a989205376de271ea2929\jetified-lifecycle-viewmodel-ktx-2.2.0-api.jar;C:\Users\1st\.gradle\caches\transforms-2\files-2.1\b577a0eddb8035233396c73553690af7\jetified-kotlinx-coroutines-android-1.3.0.jar;C:\Users\1st\.gradle\caches\transforms-2\files-2.1\64246e8f70ac2482b1f2fb514b9aa1a2\jetified-kotlinx-coroutines-core-1.3.0.jar;C:\Users\1st\.gradle\caches\transforms-2\files-2.1\57e3e31046706df719076d2be2459e50\jetified-kotlin-stdlib-1.3.61.jar;C:\Users\1st\.gradle\caches\transforms-2\files-2.1\222c23eb443d30a895480b474641b33f\jetified-kotlin-stdlib-common-1.3.61.jar;C:\Users\1st\.gradle\caches\transforms-2\files-2.1\0235dd5ef48b703e7f60817d39cf4e14\jetified-annotations-13.0.jar;C:\Users\1st\.gradle\caches\transforms-2\files-2.1\50f0b825f310cd4bf0f1d807ce946898\jetified-ui-material-0.1.0-dev06-api.jar;C:\Users\1st\.gradle\caches\transforms-2\files-2.1\fbe1b7b6a138f76987fbecde44158913\jetified-ui-foundation-0.1.0-dev06-api.jar;C:\Users\1st\.gradle\caches\transforms-2\files-2.1\b5dba732843c6793a2890b24c5e7c213\jetified-ui-animation-0.1.0-dev06-api.jar;C:\Users\1st\.gradle\caches\tra
java_class_path (initial): C:\Users\1st\.gradle\caches\modules-2\files-2.1\org.jetbrains.kotlin\kotlin-compiler-embeddable\1.3.61-dev-withExperimentalGoogleExtensions-20200129\5a34b3b35e742f02d32809804341d7f1d92f14a6\kotlin-compiler-embeddable-1.3.61-dev-withExperimentalGoogleExtensions-20200129.jar;C:\Users\1st\.gradle\caches\modules-2\files-2.1\org.jetbrains.kotlin\kotlin-reflect\1.3.61\2e07c9a84c9e118efb70eede7e579fd663932122\kotlin-reflect-1.3.61.jar;C:\Users\1st\.gradle\caches\modules-2\files-2.1\org.jetbrains.kotlin\kotlin-stdlib\1.3.61\4702105e97f7396ae41b113fdbdc180ec1eb1e36\kotlin-stdlib-1.3.61.jar;C:\Users\1st\.gradle\caches\modules-2\files-2.1\org.jetbrains.kotlin\kotlin-script-runtime\1.3.61\e5feb39c8de63dcbdc1154b34ca4413874231605\kotlin-script-runtime-1.3.61.jar;C:\Users\1st\.gradle\caches\modules-2\files-2.1\org.jetbrains.kotlin\kotlin-daemon-embeddable\1.3.61\4de83e41a92c8395d89ab2e81d26b788ba163824\kotlin-daemon-embeddable-1.3.61.jar;C:\Users\1st\.gradle\caches\modules-2\files-2.1\org.jetbrains.intellij.deps\trove4j\1.0.20181211\216c2e14b070f334479d800987affe4054cd563f\trove4j-1.0.20181211.jar;C:\Users\1st\.gradle\caches\modules-2\files-2.1\org.jetbrains.kotlin\kotlin-stdlib-common\1.3.61\65abb71d5afb850b68be03987b08e2c864ca3110\kotlin-stdlib-common-1.3.61.jar;C:\Users\1st\.gradle\caches\modules-2\files-2.1\org.jetbrains\annotations\13.0\919f0dfe192fb4e063e7dacadee7f8bb9a2672a9\annotations-13.0.jar;C:\Program Files\android-studio-ide-193.6264773-windows\android-studio\jre\lib\tools.jar
Launcher Type: SUN_STANDARD

Environment Variables:
PATH=C:\Program Files (x86)\Intel\Intel(R) Management Engine Components\iCLS\;C:\Program Files\Intel\Intel(R) Management Engine Components\iCLS\;C:\Windows\system32;C:\Windows;C:\Windows\System32\Wbem;C:\Windows\System32\WindowsPowerShell\v1.0\;C:\Windows\System32\OpenSSH\;C:\Program Files (x86)\Intel\Intel(R) Management Engine Components\DAL;C:\Program Files\Intel\Intel(R) Management Engine Components\DAL;C:\Program Files (x86)\Intel\Intel(R) Management Engine Components\IPT;C:\Program Files\Intel\Intel(R) Management Engine Components\IPT;C:\Program Files (x86)\NVIDIA Corporation\PhysX\Common;C:\Program Files\dotnet\;C:\Program Files\PuTTY\;C:\Program Files\Docker\Docker\resources\bin;C:\ProgramData\DockerDesktop\version-bin;C:\Program Files\nodejs\;C:\Program Files\Git\cmd;C:\Users\1st\AppData\Local\Microsoft\WindowsApps;C:\Program Files\Bandizip\;C:\Users\1st\AppData\Roaming\npm;C:\Users\1st\AppData\Local\Programs\Microsoft VS Code\bin
USERNAME=1st
OS=Windows_NT
PROCESSOR_IDENTIFIER=Intel64 Family 6 Model 158 Stepping 13, GenuineIntel



---------------  S Y S T E M  ---------------

OS: Windows 10.0 , 64 bit Build 18362 (10.0.18362.329)

CPU:total 8 (initial active 8) (8 cores per cpu, 1 threads per core) family 6 model 158 stepping 13, cmov, cx8, fxsr, mmx, sse, sse2, sse3, ssse3, sse4.1, sse4.2, popcnt, avx, avx2, aes, clmul, erms, rtm, 3dnowpref, lzcnt, tsc, tscinvbit, bmi1, bmi2, adx

Memory: 4k page, physical 16680960k(2911872k free), swap 16680960k(5944k free)

vm_info: OpenJDK 64-Bit Server VM (25.242-b01) for windows-amd64 JRE (1.8.0_242-release-1644-b01), built by "builder" with MS VC++ 10.0 (VS2010)

time: Mon Mar 23 11:44:19 2020
timezone: 대한민국 표준시
elapsed time: 0 seconds (0d 0h 0m 0s)

